<?xml version="1.0" encoding="UTF-8"?>
<!-- Generated by org.testng.reporters.JUnitReportReporter -->
<testsuite skipped="0" hostname="DESKTOP-OLOBH5L" name="com.qa.testcase.ManageOrderTest" tests="7" failures="0" timestamp="10 Jun 2022 12:41:35 GMT" time="73.666" errors="0">
  <testcase name="manageOrderTest" time="10.169" classname="com.qa.testcase.ManageOrderTest"/>
  <testcase name="viewActionTest" time="9.205" classname="com.qa.testcase.ManageOrderTest"/>
  <testcase name="deleteActionTest" time="9.303" classname="com.qa.testcase.ManageOrderTest"/>
  <testcase name="viewTest" time="10.373" classname="com.qa.testcase.ManageOrderTest"/>
  <testcase name="homeButtonTest" time="11.883" classname="com.qa.testcase.ManageOrderTest"/>
  <testcase name="cancelOrderTest" time="13.038" classname="com.qa.testcase.ManageOrderTest"/>
  <testcase name="searchButtonTest" time="9.695" classname="com.qa.testcase.ManageOrderTest"/>
</testsuite> <!-- com.qa.testcase.ManageOrderTest -->
