<?xml version="1.0" encoding="UTF-8"?>
<!-- Generated by org.testng.reporters.JUnitReportReporter -->
<testsuite skipped="0" hostname="DESKTOP-OLOBH5L" name="com.qa.testcase.LoginTest" tests="4" failures="0" timestamp="13 Jun 2022 14:51:49 GMT" time="21.877" errors="0">
  <testcase name="userIdFieldIsDisplayed" time="3.651" classname="com.qa.testcase.LoginTest"/>
  <testcase name="passwordFieldIsDisplayed" time="3.995" classname="com.qa.testcase.LoginTest"/>
  <testcase name="loginTestWithWrongPassword" time="5.258" classname="com.qa.testcase.LoginTest"/>
  <testcase name="loginTest" time="8.973" classname="com.qa.testcase.LoginTest"/>
</testsuite> <!-- com.qa.testcase.LoginTest -->
