<?xml version="1.0" encoding="UTF-8"?>
<!-- Generated by org.testng.reporters.JUnitReportReporter -->
<testsuite skipped="0" hostname="DESKTOP-OLOBH5L" name="com.qa.testcase.HomePageTest" tests="4" failures="0" timestamp="10 Jun 2022 10:09:30 GMT" time="40.745" errors="0">
  <testcase name="homeIconTest" time="9.311" classname="com.qa.testcase.HomePageTest"/>
  <testcase name="menuDisplayTest" time="9.228" classname="com.qa.testcase.HomePageTest"/>
  <testcase name="pushMenuTest" time="10.392" classname="com.qa.testcase.HomePageTest"/>
  <testcase name="footerTest" time="11.814" classname="com.qa.testcase.HomePageTest"/>
</testsuite> <!-- com.qa.testcase.HomePageTest -->
