<?xml version="1.0" encoding="UTF-8"?>
<!-- Generated by org.testng.reporters.JUnitReportReporter -->
<testsuite skipped="0" hostname="DESKTOP-OLOBH5L" name="com.qa.testcase.SearchListOrderTest" tests="3" failures="0" timestamp="10 Jun 2022 13:05:34 GMT" time="44.750" errors="0">
  <testcase name="searchOrderTest" time="17.011" classname="com.qa.testcase.SearchListOrderTest"/>
  <testcase name="searchListOrderTest" time="13.804" classname="com.qa.testcase.SearchListOrderTest"/>
  <testcase name="resetTest" time="13.935" classname="com.qa.testcase.SearchListOrderTest"/>
</testsuite> <!-- com.qa.testcase.SearchListOrderTest -->
