<?xml version="1.0" encoding="UTF-8"?>
<!-- Generated by org.testng.reporters.JUnitReportReporter -->
<testsuite skipped="0" hostname="DESKTOP-OLOBH5L" name="com.qa.testcase.ManageProductTest" tests="9" failures="0" timestamp="13 Jun 2022 13:52:39 GMT" time="78.164" errors="0">
  <testcase name="manageProductTest" time="7.939" classname="com.qa.testcase.ManageProductTest"/>
  <testcase name="newButtonTest" time="7.783" classname="com.qa.testcase.ManageProductTest"/>
  <testcase name="searchButtonTest" time="7.378" classname="com.qa.testcase.ManageProductTest"/>
  <testcase name="newButtonClickTest" time="10.847" classname="com.qa.testcase.ManageProductTest"/>
  <testcase name="viewActionTest" time="8.012" classname="com.qa.testcase.ManageProductTest"/>
  <testcase name="deleteActionTest" time="7.983" classname="com.qa.testcase.ManageProductTest"/>
  <testcase name="viewTest" time="8.761" classname="com.qa.testcase.ManageProductTest"/>
  <testcase name="homeButtonTest" time="11.583" classname="com.qa.testcase.ManageProductTest"/>
  <testcase name="cancelProductTest" time="7.878" classname="com.qa.testcase.ManageProductTest"/>
</testsuite> <!-- com.qa.testcase.ManageProductTest -->
