<?xml version="1.0" encoding="UTF-8"?>
<!-- Generated by org.testng.reporters.JUnitReportReporter -->
<testsuite skipped="0" hostname="DESKTOP-OLOBH5L" name="com.qa.testcase.HomePageTest" tests="5" failures="0" timestamp="2022-06-08T16:29:48 IST" time="1.352" errors="0">
  <testcase name="homeIconTest" time="0.080" classname="com.qa.testcase.HomePageTest"/>
  <system-out/>
  <testcase name="menuDisplayTest" time="0.059" classname="com.qa.testcase.HomePageTest"/>
  <system-out/>
  <testcase name="pushMenuTest" time="0.170" classname="com.qa.testcase.HomePageTest"/>
  <system-out/>
  <testcase name="footerTest" time="0.230" classname="com.qa.testcase.HomePageTest"/>
  <system-out/>
  <testcase name="closeTest" time="0.813" classname="com.qa.testcase.HomePageTest"/>
  <system-out/>
</testsuite> <!-- com.qa.testcase.HomePageTest -->
